<?xml version="1.0" encoding="UTF-8"?>
<!-- Generated by org.testng.reporters.JUnitXMLReporter -->
<testsuite ignored="4" hostname="LAPTOP-7FB3PP7D" failures="0" tests="3" name="Test" time="88.516" errors="0" timestamp="2021-11-15T15:11:51 IST">
  <testcase classname="com.vtiger.testscripts.AddContactOfOrganizationTest" name="addContactOfOrganizationTest" time="28.612"/>
  <testcase classname="com.vtiger.testscripts.OpenApplicationTest" name="openApplicationTest" time="13.161"/>
  <testcase classname="com.vtiger.testscripts.AddIndustryInOrganizationTest" name="addIndustryinOrganisationTest" time="7.516"/>
  <testcase classname="com.vtiger.genericLib.BaseClass" name="@BeforeSuite connectToDataBase" time="0.0">
    <ignored/>
  </testcase> <!-- @BeforeSuite connectToDataBase -->
  <testcase classname="com.vtiger.genericLib.BaseClass" name="@BeforeSuite connectToDataBase" time="0.0">
    <ignored/>
  </testcase> <!-- @BeforeSuite connectToDataBase -->
  <testcase classname="com.vtiger.genericLib.BaseClass" name="@AfterSuite disConnectToDataBase" time="0.0">
    <ignored/>
  </testcase> <!-- @AfterSuite disConnectToDataBase -->
  <testcase classname="com.vtiger.genericLib.BaseClass" name="@AfterSuite disConnectToDataBase" time="0.0">
    <ignored/>
  </testcase> <!-- @AfterSuite disConnectToDataBase -->
</testsuite> <!-- Test -->
