<?xml version="1.0" encoding="UTF-8"?>
<!-- Generated by org.testng.reporters.JUnitXMLReporter -->
<testsuite ignored="1" hostname="LAPTOP-7FB3PP7D" failures="0" tests="1" name="Test_Runner2" time="18.941" errors="0" timestamp="2021-11-16T16:28:04 IST">
  <testcase classname="com.vtiger.testscripts.GroupingTheMultiplePrgmsTest" name="addIndustryinOrganisationTest" time="6.705"/>
  <testcase classname="com.vtiger.testscripts.GroupingTheMultiplePrgmsTest" name="addContactOfOrganizationTest" time="0.0">
    <ignored/>
  </testcase> <!-- addContactOfOrganizationTest -->
</testsuite> <!-- Test_Runner2 -->
