<?xml version="1.0" encoding="UTF-8"?>
<!-- Generated by org.testng.reporters.JUnitXMLReporter -->
<testsuite ignored="4" hostname="LAPTOP-7FB3PP7D" failures="0" tests="3" name="Test" time="64.667" errors="0" timestamp="2021-11-02T14:56:25 IST">
  <testcase classname="com.vtiger.testscripts.AddContactOfOrganizationTest" name="addContactOfOrganizationTest" time="19.64"/>
  <testcase classname="com.vtiger.testscripts.OpenApplicationTest" name="openApplicationTest" time="12.09"/>
  <testcase classname="com.vtiger.testscripts.AddIndustryInOrganizationTest" name="addIndustryinOrganisationTest" time="6.476"/>
  <testcase classname="com.vtiger.genericLib.BaseClass" name="@BeforeSuite connectToDataBase" time="0.0">
    <ignored/>
  </testcase> <!-- @BeforeSuite connectToDataBase -->
  <testcase classname="com.vtiger.genericLib.BaseClass" name="@BeforeSuite connectToDataBase" time="0.0">
    <ignored/>
  </testcase> <!-- @BeforeSuite connectToDataBase -->
  <testcase classname="com.vtiger.genericLib.BaseClass" name="@AfterSuite disConnectToDataBase" time="0.0">
    <ignored/>
  </testcase> <!-- @AfterSuite disConnectToDataBase -->
  <testcase classname="com.vtiger.genericLib.BaseClass" name="@AfterSuite disConnectToDataBase" time="0.0">
    <ignored/>
  </testcase> <!-- @AfterSuite disConnectToDataBase -->
</testsuite> <!-- Test -->
