<?xml version="1.0" encoding="UTF-8"?>
<!-- Generated by org.testng.reporters.JUnitXMLReporter -->
<testsuite ignored="1" hostname="LAPTOP-7FB3PP7D" failures="0" tests="1" name="Test_Runner1" time="48.469" errors="0" timestamp="2021-11-08T16:49:40 IST">
  <testcase classname="com.vtiger.testscripts.GroupingTheMultiplePrgmsTest" name="addContactOfOrganizationTest" time="28.34"/>
  <testcase classname="com.vtiger.testscripts.GroupingTheMultiplePrgmsTest" name="addIndustryinOrganisationTest" time="0.0">
    <ignored/>
  </testcase> <!-- addIndustryinOrganisationTest -->
</testsuite> <!-- Test_Runner1 -->
