<?xml version="1.0" encoding="UTF-8"?>
<testng-results ignored="0" total="1" passed="1" failed="0" skipped="0">
  <reporter-output>
  </reporter-output>
  <suite started-at="2021-11-12T10:08:44 IST" name="Default suite" finished-at="2021-11-12T10:08:55 IST" duration-ms="10642">
    <groups>
    </groups>
    <test started-at="2021-11-12T10:08:44 IST" name="Default test" finished-at="2021-11-12T10:08:55 IST" duration-ms="10642">
      <class name="com.practice.DebugTest">
        <test-method signature="debudTest()[pri:0, instance:com.practice.DebugTest@793be5ca]" started-at="2021-11-12T10:08:44 IST" name="debudTest" finished-at="2021-11-12T10:08:55 IST" duration-ms="10594" status="PASS">
          <reporter-output>
          </reporter-output>
        </test-method> <!-- debudTest -->
      </class> <!-- com.practice.DebugTest -->
    </test> <!-- Default test -->
  </suite> <!-- Default suite -->
</testng-results>
